% trivy python:alpine
2025-03-30T15:50:42Z	INFO	[vuln] Vulnerability scanning is enabled
2025-03-30T15:50:42Z	INFO	[secret] Secret scanning is enabled
2025-03-30T15:50:42Z	INFO	[secret] If your scanning is slow, please try '--scanners vuln' to disable secret scanning
2025-03-30T15:50:42Z	INFO	[secret] Please see also https://trivy.dev/v0.61/docs/scanner/secret#recommendation for faster secret detection
2025-03-30T15:50:42Z	INFO	Detected OS	family="alpine" version="3.21.3"
2025-03-30T15:50:42Z	INFO	[alpine] Detecting vulnerabilities...	os_version="3.21" repository="3.21" pkg_num=28
2025-03-30T15:50:42Z	INFO	Number of language-specific files	num=1
2025-03-30T15:50:42Z	INFO	[python-pkg] Detecting vulnerabilities...

Report Summary

┌──────────────────────────────────────────────────────────────────────┬────────────┬─────────────────┬─────────┐
│                                Target                                │    Type    │ Vulnerabilities │ Secrets │
├──────────────────────────────────────────────────────────────────────┼────────────┼─────────────────┼─────────┤
│ python:alpine (alpine 3.21.3)                                        │   alpine   │        0        │    -    │
├──────────────────────────────────────────────────────────────────────┼────────────┼─────────────────┼─────────┤
│ usr/local/lib/python3.13/site-packages/pip-24.3.1.dist-info/METADATA │ python-pkg │        0        │    -    │
└──────────────────────────────────────────────────────────────────────┴────────────┴─────────────────┴─────────┘
Legend:
- '-': Not scanned
- '0': Clean (no security findings detected)
